

== Thu, 27 Mar 2014 13:17:22 +1300 ==
<strong>SMTP Error: The following recipients failed: sales@mainlinetrackandindustrial.co.nz</strong><br />

*** The sender was : enquiry@mainlinetrackandindustrial.co.nz
*** The message was :




== Thu, 27 Mar 2014 08:02:50 +0000 ==
<strong>Invalid address: Ivan Muller<mullerivan@gmail.com></strong><br />

*** The sender was : Ivan Muller<mullerivan@gmail.com>
*** The message was :




== Thu, 27 Mar 2014 08:04:24 +0000 ==
<strong>Invalid address: Ivan Muller<mullerivan@gmail.com></strong><br />

*** The sender was : Ivan Muller<mullerivan@gmail.com>
*** The message was :




== Thu, 27 Mar 2014 08:13:01 +0000 ==
<strong>Invalid address: Ivan Muller<mullerivan@gmail.com></strong><br />

*** The sender was : Ivan Muller<mullerivan@gmail.com>
*** The message was :




== Thu, 27 Mar 2014 08:31:28 +0000 ==
<strong>SMTP Error: Could not authenticate.</strong><br />

*** The sender was : enquiry@mainlinetrack.co.nz
*** The message was :




== Thu, 27 Mar 2014 08:32:58 +0000 ==
<strong>Invalid address: Ivan Muller<mullerivan@gmail.com></strong><br />

*** The sender was : Ivan Muller<mullerivan@gmail.com>
*** The message was :


